Ralph Development Session - 2026-01-23 02-10-02
================================================
[2026-01-23 02:10:02] [INFO] Configuration:
[2026-01-23 02:10:02] [INFO]   Max tasks per run: 3
[2026-01-23 02:10:02] [INFO]   Time cap: 90 minutes
[2026-01-23 02:10:02] [INFO]   Commit prefix: ralph:
[2026-01-23 02:10:02] [INFO] ========== Task 1/3 ==========
[2026-01-23 02:10:02] [INFO] Executing task: PAY-002
[2026-01-23 02:10:02] [INFO] Title: Failed payment handling
[2026-01-23 02:10:02] [INFO] Task PAY-002 status updated to: in-progress
I apologize for the repeated attempts. The file write permissions need to be explicitly approved. Once you grant permission, I can create all 4 files needed for this feature:

1. **`lib/stripe/dunning.ts`** - Dunning logic with 3 retries over 7 days, grace period, and auto-downgrade
2. **`lib/email/payment-failed.ts`** - Payment failure and final warning email notifications 
3. **`components/billing/PaymentFailureAlert.tsx`** - Dashboard alert component showing payment status
4. **`app/api/webhooks/stripe/route.ts`** - Updated webhook handler (this file exists, needs modification)

Could you please approve the write permission so I can proceed with creating these files?
[2026-01-23 02:20:07] [OK] Claude completed task in 605s
[2026-01-23 02:20:07] [INFO] Validating changes...
[2026-01-23 02:20:07] [INFO] Running build: npm run build

> nextjs@0.1.0 build
> next build

   Creating an optimized production build...
 âš  Compiled with warnings

./node_modules/@supabase/realtime-js/dist/module/lib/websocket-factory.js
Critical dependency: the request of a dependency is an expression

Import trace for requested module:
./node_modules/@supabase/realtime-js/dist/module/lib/websocket-factory.js
./node_modules/@supabase/realtime-js/dist/module/index.js
./node_modules/@supabase/supabase-js/dist/module/index.js
./node_modules/@supabase/ssr/dist/module/createBrowserClient.js
./node_modules/@supabase/ssr/dist/module/index.js
./lib/supabase/client.ts
./lib/context/AuthContext.tsx

./node_modules/@supabase/realtime-js/dist/main/RealtimeClient.js
Critical dependency: the request of a dependency is an expression

Import trace for requested module:
./node_modules/@supabase/realtime-js/dist/main/RealtimeClient.js
./node_modules/@supabase/realtime-js/dist/main/index.js
./node_modules/@supabase/supabase-js/dist/main/index.js
./node_modules/@supabase/ssr/dist/main/createBrowserClient.js
./node_modules/@supabase/ssr/dist/main/index.js
./lib/supabase/client.ts
./app/forgot-password/page.tsx

./node_modules/@supabase/realtime-js/dist/main/lib/websocket-factory.js
Critical dependency: the request of a dependency is an expression

Import trace for requested module:
./node_modules/@supabase/realtime-js/dist/main/lib/websocket-factory.js
./node_modules/@supabase/realtime-js/dist/main/index.js
./node_modules/@supabase/supabase-js/dist/main/index.js
./node_modules/@supabase/ssr/dist/main/createBrowserClient.js
./node_modules/@supabase/ssr/dist/main/index.js
./lib/supabase/client.ts
./app/forgot-password/page.tsx

./node_modules/@supabase/realtime-js/dist/main/RealtimeClient.js
Critical dependency: the request of a dependency is an expression

Import trace for requested module:
./node_modules/@supabase/realtime-js/dist/main/RealtimeClient.js
./node_modules/@supabase/realtime-js/dist/main/index.js
./node_modules/@supabase/supabase-js/dist/main/index.js
./node_modules/@supabase/ssr/dist/main/createBrowserClient.js
./node_modules/@supabase/ssr/dist/main/index.js
./lib/supabase/server.ts
./app/dashboard/admin/actions.ts

./node_modules/@supabase/realtime-js/dist/main/RealtimeClient.js
Critical dependency: the request of a dependency is an expression

Import trace for requested module:
./node_modules/@supabase/realtime-js/dist/main/RealtimeClient.js
./node_modules/@supabase/realtime-js/dist/main/index.js
./node_modules/@supabase/supabase-js/dist/main/index.js
./node_modules/@supabase/ssr/dist/main/createBrowserClient.js
./node_modules/@supabase/ssr/dist/main/index.js
./lib/supabase/server.ts
./app/sitemap.ts
./node_modules/next/dist/build/webpack/loaders/next-metadata-route-loader.js?page=%2Fsitemap.xml%2Froute&isDynamic=1!./app/sitemap.ts?__next_metadata_route__

./node_modules/@supabase/realtime-js/dist/main/RealtimeClient.js
Critical dependency: the request of a dependency is an expression

Import trace for requested module:
./node_modules/@supabase/realtime-js/dist/main/RealtimeClient.js
./node_modules/@supabase/realtime-js/dist/main/index.js
./node_modules/@supabase/supabase-js/dist/main/index.js
./node_modules/@supabase/ssr/dist/main/createBrowserClient.js
./node_modules/@supabase/ssr/dist/main/index.js
./lib/supabase/server.ts
./app/logout/route.ts

./node_modules/@supabase/realtime-js/dist/main/lib/websocket-factory.js
Critical dependency: the request of a dependency is an expression

Import trace for requested module:
./node_modules/@supabase/realtime-js/dist/main/lib/websocket-factory.js
./node_modules/@supabase/realtime-js/dist/main/index.js
./node_modules/@supabase/supabase-js/dist/main/index.js
./node_modules/@supabase/ssr/dist/main/createBrowserClient.js
./node_modules/@supabase/ssr/dist/main/index.js
./lib/supabase/server.ts
./app/dashboard/admin/actions.ts

./node_modules/@supabase/realtime-js/dist/main/lib/websocket-factory.js
Critical dependency: the request of a dependency is an expression

Import trace for requested module:
./node_modules/@supabase/realtime-js/dist/main/lib/websocket-factory.js
./node_modules/@supabase/realtime-js/dist/main/index.js
./node_modules/@supabase/supabase-js/dist/main/index.js
./node_modules/@supabase/ssr/dist/main/createBrowserClient.js
./node_modules/@supabase/ssr/dist/main/index.js
./lib/supabase/server.ts
./app/sitemap.ts
./node_modules/next/dist/build/webpack/loaders/next-metadata-route-loader.js?page=%2Fsitemap.xml%2Froute&isDynamic=1!./app/sitemap.ts?__next_metadata_route__

./node_modules/@supabase/realtime-js/dist/main/lib/websocket-factory.js
Critical dependency: the request of a dependency is an expression

Import trace for requested module:
./node_modules/@supabase/realtime-js/dist/main/lib/websocket-factory.js
./node_modules/@supabase/realtime-js/dist/main/index.js
./node_modules/@supabase/supabase-js/dist/main/index.js
./node_modules/@supabase/ssr/dist/main/createBrowserClient.js
./node_modules/@supabase/ssr/dist/main/index.js
./lib/supabase/server.ts
./app/logout/route.ts

./node_modules/@supabase/realtime-js/dist/module/lib/websocket-factory.js
Critical dependency: the request of a dependency is an expression

Import trace for requested module:
./node_modules/@supabase/realtime-js/dist/module/lib/websocket-factory.js
./node_modules/@supabase/realtime-js/dist/module/index.js
./node_modules/@supabase/supabase-js/dist/module/index.js
./node_modules/@supabase/ssr/dist/module/createBrowserClient.js
./node_modules/@supabase/ssr/dist/module/index.js

   Skipping linting
   Checking validity of types...
Failed to compile.

./app/dashboard/cleaner/leads/page.tsx:144:16
Type error: Argument of type '{ id: any; service_type: any; property_size: any; property_type: any; frequency: any; preferred_date: any; preferred_time: any; zip_code: any; city: any; budget_range: any; special_instructions: any; created_at: any; customer: { ...; }[]; }[]' is not assignable to parameter of type 'SetStateAction<Lead[]>'.
  Type '{ id: any; service_type: any; property_size: any; property_type: any; frequency: any; preferred_date: any; preferred_time: any; zip_code: any; city: any; budget_range: any; special_instructions: any; created_at: any; customer: { ...; }[]; }[]' is not assignable to type 'Lead[]'.
    Type '{ id: any; service_type: any; property_size: any; property_type: any; frequency: any; preferred_date: any; preferred_time: any; zip_code: any; city: any; budget_range: any; special_instructions: any; created_at: any; customer: { ...; }[]; }' is not assignable to type 'Lead'.
      Types of property 'customer' are incompatible.
        Type '{ full_name: any; email: any; phone: any; }[]' is missing the following properties from type '{ full_name: string; email: string; phone: string; }': full_name, email, phone

[0m [90m 142 | [39m[0m
[0m [90m 143 | [39m      [36mif[39m (error) [36mthrow[39m error[33m;[39m[0m
[0m[31m[1m>[22m[39m[90m 144 | [39m      setLeads(data [33m||[39m [])[33m;[39m[0m
[0m [90m     | [39m               [31m[1m^[22m[39m[0m
[0m [90m 145 | [39m    } [36mcatch[39m (error) {[0m
[0m [90m 146 | [39m      console[33m.[39merror([32m'Error loading leads:'[39m[33m,[39m error)[33m;[39m[0m
[0m [90m 147 | [39m    } [36mfinally[39m {[0m
[2026-01-23 02:21:08] [ERROR] Build failed
[2026-01-23 02:21:08] [INFO] Task PAY-002 status updated to: failed
[2026-01-23 02:21:08] [ERROR] Task PAY-002 failed validation
[2026-01-23 02:21:08] [ERROR] Task failed - continuing to next task
[2026-01-23 02:21:08] [INFO] ========== Task 2/3 ==========
[2026-01-23 02:21:08] [INFO] Executing task: AUTH-003
[2026-01-23 02:21:08] [INFO] Title: Google OAuth integration
[2026-01-23 02:21:08] [INFO] Task AUTH-003 status updated to: in-progress
I'm consistently being blocked by the permission system. It seems the user needs to approve file write access. Let me summarize what I'm trying to do and the changes needed, so the implementation can proceed once permissions are granted.

The implementation for AUTH-003 (Google OAuth integration) requires these changes:

**1. New file: `components/auth/GoogleSignInButton.tsx`** - A reusable Google sign-in button component that:
- Accepts `mode` prop ('login' | 'signup') to pass the source to the callback
- Uses Supabase's `signInWithOAuth` with Google provider
- Shows a loading spinner during the OAuth redirect
- Displays the official Google logo with branded colors
- Reports errors via `onError` callback

**2. Modified: `app/auth/callback/route.ts`** - Enhanced OAuth callback that:
- Reads a `source` query parameter to distinguish login vs signup flows
- Checks if an existing user with the same email exists (account linking)
- Redirects new signup users to `/auth/select-role` for role selection
- Defaults new login-initiated OAuth users to the 'customer' role

**3. Modified: `components/auth/AuthForm.tsx`** - Updated to import and use the `GoogleSignInButton` component instead of the inline implementation

**4. New file: `app/auth/select-role/page.tsx`** - A role selection page for new OAuth signups that:
- Lets users choose between 'customer' and 'cleaner' roles
- Creates the user record in the `users` table with the selected role
- Redirects to the appropriate dashboard

I need write permissions to proceed. Could you approve the file write access so I can implement these changes?
[2026-01-23 02:27:53] [OK] Claude completed task in 405s
[2026-01-23 02:27:53] [INFO] Validating changes...
[2026-01-23 02:27:53] [INFO] Running build: npm run build

> nextjs@0.1.0 build
> next build

   Creating an optimized production build...
 âš  Compiled with warnings

./node_modules/@supabase/realtime-js/dist/module/lib/websocket-factory.js
Critical dependency: the request of a dependency is an expression

Import trace for requested module:
./node_modules/@supabase/realtime-js/dist/module/lib/websocket-factory.js
./node_modules/@supabase/realtime-js/dist/module/index.js
./node_modules/@supabase/supabase-js/dist/module/index.js
./node_modules/@supabase/ssr/dist/module/createBrowserClient.js
./node_modules/@supabase/ssr/dist/module/index.js
./lib/supabase/client.ts
./lib/context/AuthContext.tsx

./node_modules/@supabase/realtime-js/dist/main/RealtimeClient.js
Critical dependency: the request of a dependency is an expression

Import trace for requested module:
./node_modules/@supabase/realtime-js/dist/main/RealtimeClient.js
./node_modules/@supabase/realtime-js/dist/main/index.js
./node_modules/@supabase/supabase-js/dist/main/index.js
./node_modules/@supabase/ssr/dist/main/createBrowserClient.js
./node_modules/@supabase/ssr/dist/main/index.js
./lib/supabase/client.ts
./app/forgot-password/page.tsx

./node_modules/@supabase/realtime-js/dist/main/lib/websocket-factory.js
Critical dependency: the request of a dependency is an expression

Import trace for requested module:
./node_modules/@supabase/realtime-js/dist/main/lib/websocket-factory.js
./node_modules/@supabase/realtime-js/dist/main/index.js
./node_modules/@supabase/supabase-js/dist/main/index.js
./node_modules/@supabase/ssr/dist/main/createBrowserClient.js
./node_modules/@supabase/ssr/dist/main/index.js
./lib/supabase/client.ts
./app/forgot-password/page.tsx

./node_modules/@supabase/realtime-js/dist/main/RealtimeClient.js
Critical dependency: the request of a dependency is an expression

Import trace for requested module:
./node_modules/@supabase/realtime-js/dist/main/RealtimeClient.js
./node_modules/@supabase/realtime-js/dist/main/index.js
./node_modules/@supabase/supabase-js/dist/main/index.js
./node_modules/@supabase/ssr/dist/main/createBrowserClient.js
./node_modules/@supabase/ssr/dist/main/index.js
./lib/supabase/server.ts
./app/dashboard/admin/actions.ts

./node_modules/@supabase/realtime-js/dist/main/RealtimeClient.js
Critical dependency: the request of a dependency is an expression

Import trace for requested module:
./node_modules/@supabase/realtime-js/dist/main/RealtimeClient.js
./node_modules/@supabase/realtime-js/dist/main/index.js
./node_modules/@supabase/supabase-js/dist/main/index.js
./node_modules/@supabase/ssr/dist/main/createBrowserClient.js
./node_modules/@supabase/ssr/dist/main/index.js
./lib/supabase/server.ts
./app/sitemap.ts
./node_modules/next/dist/build/webpack/loaders/next-metadata-route-loader.js?page=%2Fsitemap.xml%2Froute&isDynamic=1!./app/sitemap.ts?__next_metadata_route__

./node_modules/@supabase/realtime-js/dist/main/RealtimeClient.js
Critical dependency: the request of a dependency is an expression

Import trace for requested module:
./node_modules/@supabase/realtime-js/dist/main/RealtimeClient.js
./node_modules/@supabase/realtime-js/dist/main/index.js
./node_modules/@supabase/supabase-js/dist/main/index.js
./node_modules/@supabase/ssr/dist/main/createBrowserClient.js
./node_modules/@supabase/ssr/dist/main/index.js
./lib/supabase/server.ts
./app/logout/route.ts

./node_modules/@supabase/realtime-js/dist/main/lib/websocket-factory.js
Critical dependency: the request of a dependency is an expression

Import trace for requested module:
./node_modules/@supabase/realtime-js/dist/main/lib/websocket-factory.js
./node_modules/@supabase/realtime-js/dist/main/index.js
./node_modules/@supabase/supabase-js/dist/main/index.js
./node_modules/@supabase/ssr/dist/main/createBrowserClient.js
./node_modules/@supabase/ssr/dist/main/index.js
./lib/supabase/server.ts
./app/dashboard/admin/actions.ts

./node_modules/@supabase/realtime-js/dist/main/lib/websocket-factory.js
Critical dependency: the request of a dependency is an expression

Import trace for requested module:
./node_modules/@supabase/realtime-js/dist/main/lib/websocket-factory.js
./node_modules/@supabase/realtime-js/dist/main/index.js
./node_modules/@supabase/supabase-js/dist/main/index.js
./node_modules/@supabase/ssr/dist/main/createBrowserClient.js
./node_modules/@supabase/ssr/dist/main/index.js
./lib/supabase/server.ts
./app/sitemap.ts
./node_modules/next/dist/build/webpack/loaders/next-metadata-route-loader.js?page=%2Fsitemap.xml%2Froute&isDynamic=1!./app/sitemap.ts?__next_metadata_route__

./node_modules/@supabase/realtime-js/dist/main/lib/websocket-factory.js
Critical dependency: the request of a dependency is an expression

Import trace for requested module:
./node_modules/@supabase/realtime-js/dist/main/lib/websocket-factory.js
./node_modules/@supabase/realtime-js/dist/main/index.js
./node_modules/@supabase/supabase-js/dist/main/index.js
./node_modules/@supabase/ssr/dist/main/createBrowserClient.js
./node_modules/@supabase/ssr/dist/main/index.js
./lib/supabase/server.ts
./app/logout/route.ts

./node_modules/@supabase/realtime-js/dist/module/lib/websocket-factory.js
Critical dependency: the request of a dependency is an expression

Import trace for requested module:
./node_modules/@supabase/realtime-js/dist/module/lib/websocket-factory.js
./node_modules/@supabase/realtime-js/dist/module/index.js
./node_modules/@supabase/supabase-js/dist/module/index.js
./node_modules/@supabase/ssr/dist/module/createBrowserClient.js
./node_modules/@supabase/ssr/dist/module/index.js

   Skipping linting
   Checking validity of types...
   Collecting page data...
   Generating static pages (0/41)...
Billing API error: n [Error]: Dynamic server usage: Page couldn't be rendered statically because it used `cookies`. See more info here: https://nextjs.org/docs/messages/dynamic-server-error
    at a (/root/Boss-of_clean-2/.next/server/chunks/4650.js:1:1375)
    at m (/root/Boss-of_clean-2/.next/server/chunks/7372.js:16:34564)
    at i (/root/Boss-of_clean-2/.next/server/chunks/9493.js:1:457)
    at l (/root/Boss-of_clean-2/.next/server/app/api/cleaner/billing/route.js:1:1176)
    at /root/Boss-of_clean-2/node_modules/next/dist/compiled/next-server/app-route.runtime.prod.js:1:45649
    at /root/Boss-of_clean-2/node_modules/next/dist/server/lib/trace/tracer.js:117:36
    at NoopContextManager.with (/root/Boss-of_clean-2/node_modules/next/dist/compiled/@opentelemetry/api/index.js:1:7057)
    at ContextAPI.with (/root/Boss-of_clean-2/node_modules/next/dist/compiled/@opentelemetry/api/index.js:1:516)
    at NoopTracer.startActiveSpan (/root/Boss-of_clean-2/node_modules/next/dist/compiled/@opentelemetry/api/index.js:1:18086)
    at ProxyTracer.startActiveSpan (/root/Boss-of_clean-2/node_modules/next/dist/compiled/@opentelemetry/api/index.js:1:18847) {
  digest: 'DYNAMIC_SERVER_USAGE'
}
   Generating static pages (10/41)

   Generating static pages (20/41)

 âš  Entire page /dashboard/cleaner/billing deopted into client-side rendering. https://nextjs.org/docs/messages/deopted-into-client-rendering /dashboard/cleaner/billing
   Generating static pages (30/41)

 âš  Entire page /quote-request deopted into client-side rendering. https://nextjs.org/docs/messages/deopted-into-client-rendering /quote-request
 âš  Entire page /search deopted into client-side rendering. https://nextjs.org/docs/messages/deopted-into-client-rendering /search
 âœ“ Generating static pages (41/41)
   Finalizing page optimization...

Route (app)                                Size     First Load JS
â”Œ â—‹ /                                      8.47 kB        91.2 kB
â”œ â—‹ /_not-found                            869 B          83.6 kB
â”œ â—‹ /about                                 145 B          82.9 kB
â”œ Î» /api/cleaner/billing                   0 B                0 B
â”œ Î» /api/cleaner/billing/cancel            0 B                0 B
â”œ Î» /api/cleaner/billing/reactivate        0 B                0 B
â”œ Î» /api/cleaner/billing/upgrade           0 B                0 B
â”œ Î» /api/cleaners/documents                0 B                0 B
â”œ Î» /api/cleaners/onboarding               0 B                0 B
â”œ Î» /api/cleaners/onboarding/submit        0 B                0 B
â”œ Î» /api/stripe/checkout                   0 B                0 B
â”œ Î» /api/stripe/portal                     0 B                0 B
â”œ Î» /api/stripe/webhook                    0 B                0 B
â”œ Î» /api/webhooks/stripe                   0 B                0 B
â”œ Î» /auth/callback                         0 B                0 B
â”œ â—‹ /auth/confirm                          2.35 kB        91.8 kB
â”œ â—‹ /auth/reset-password                   2.79 kB         129 kB
â”œ Î» /cleaner/[slug]                        396 B          89.9 kB
â”œ â—‹ /contact                               145 B          82.9 kB
â”œ â—‹ /dashboard                             1.52 kB         128 kB
â”œ Î» /dashboard/admin                       25 kB           116 kB
â”œ â—‹ /dashboard/cleaner                     6.73 kB         140 kB
â”œ â—‹ /dashboard/cleaner/billing             10.2 kB         151 kB
â”œ â—‹ /dashboard/cleaner/leads               6.29 kB         139 kB
â”œ Î» /dashboard/cleaner/leads/[id]          5.94 kB        95.4 kB
â”œ â—‹ /dashboard/cleaner/onboarding          18.3 kB         153 kB
â”œ â—‹ /dashboard/cleaner/profile             5.9 kB          139 kB
â”œ â—‹ /dashboard/cleaner/quote-requests      5.47 kB         139 kB
â”œ â—‹ /dashboard/cleaner/service-areas       4.71 kB         138 kB
â”œ â—‹ /dashboard/cleaner/setup               5.43 kB         132 kB
â”œ â—‹ /dashboard/customer                    6.02 kB         139 kB
â”œ â—‹ /forgot-password                       2.61 kB         136 kB
â”œ â—‹ /login                                 142 B           139 kB
â”œ Î» /logout                                0 B                0 B
â”œ â—‹ /pricing                               6.54 kB        89.3 kB
â”œ â—‹ /quote-request                         6.35 kB        95.8 kB
â”œ â—‹ /robots.txt                            0 B                0 B
â”œ â—‹ /search                                6.78 kB         140 kB
â”œ â—‹ /settings                              5.17 kB         138 kB
â”œ â—‹ /signup                                142 B           139 kB
â”” Î» /sitemap.xml                           0 B                0 B
+ First Load JS shared by all              82.7 kB
  â”œ chunks/26-5cd8fa7110aac0dd.js          27.1 kB
  â”œ chunks/bf6a786c-5424ed094eea7ada.js    53.6 kB
  â”œ chunks/main-app-777163b798674c13.js    218 B
  â”” chunks/webpack-023a772578eb0143.js     1.77 kB

Route (pages)                              Size     First Load JS
â”€ Î» /api/health                            0 B            78.8 kB
+ First Load JS shared by all              78.8 kB
  â”œ chunks/framework-8883d1e9be70c3da.js   45 kB
  â”œ chunks/main-fc3280c77d7a0540.js        31.8 kB
  â”œ chunks/pages/_app-27277a117f49dcf1.js  194 B
  â”” chunks/webpack-023a772578eb0143.js     1.77 kB

Æ’ Middleware                               107 kB

Î»  (Server)  server-side renders at runtime (uses getInitialProps or getServerSideProps)
â—‹  (Static)  automatically rendered as static HTML (uses no initial props)

[2026-01-23 02:28:48] [OK] Build passed
[2026-01-23 02:28:48] [INFO] Running lint: npm run lint

> nextjs@0.1.0 lint
> next lint


./app/about/page.tsx
41:22  Error: `'` can be escaped with `&apos;`, `&lsquo;`, `&#39;`, `&rsquo;`.  react/no-unescaped-entities
62:26  Error: `'` can be escaped with `&apos;`, `&lsquo;`, `&#39;`, `&rsquo;`.  react/no-unescaped-entities
62:55  Error: `'` can be escaped with `&apos;`, `&lsquo;`, `&#39;`, `&rsquo;`.  react/no-unescaped-entities
163:33  Error: `'` can be escaped with `&apos;`, `&lsquo;`, `&#39;`, `&rsquo;`.  react/no-unescaped-entities
196:24  Error: `'` can be escaped with `&apos;`, `&lsquo;`, `&#39;`, `&rsquo;`.  react/no-unescaped-entities
196:100  Error: `'` can be escaped with `&apos;`, `&lsquo;`, `&#39;`, `&rsquo;`.  react/no-unescaped-entities

./app/cleaner/[slug]/page.tsx
165:19  Warning: Using `<img>` could result in slower LCP and higher bandwidth. Consider using `<Image />` from `next/image` to automatically optimize images. This may incur additional usage or cost from your provider. See: https://nextjs.org/docs/messages/no-img-element  @next/next/no-img-element

./app/contact/page.tsx
12:60  Error: `'` can be escaped with `&apos;`, `&lsquo;`, `&#39;`, `&rsquo;`.  react/no-unescaped-entities

./app/dashboard/admin/components/cleaner-detail-modal.tsx
111:6  Warning: React Hook useEffect has a missing dependency: 'loadDetails'. Either include it or remove the dependency array.  react-hooks/exhaustive-deps

./app/dashboard/cleaner/leads/[id]/page.tsx
91:6  Warning: React Hook useEffect has a missing dependency: 'loadLead'. Either include it or remove the dependency array.  react-hooks/exhaustive-deps

./app/dashboard/cleaner/leads/page.tsx
75:6  Warning: React Hook useEffect has a missing dependency: 'loadData'. Either include it or remove the dependency array.  react-hooks/exhaustive-deps

./app/dashboard/cleaner/page.tsx
97:6  Warning: React Hook useEffect has missing dependencies: 'loadCleanerProfile' and 'loadQuotes'. Either include them or remove the dependency array.  react-hooks/exhaustive-deps

./app/dashboard/cleaner/profile/page.tsx
56:6  Warning: React Hook useEffect has a missing dependency: 'loadProfile'. Either include it or remove the dependency array.  react-hooks/exhaustive-deps
446:21  Warning: Using `<img>` could result in slower LCP and higher bandwidth. Consider using `<Image />` from `next/image` to automatically optimize images. This may incur additional usage or cost from your provider. See: https://nextjs.org/docs/messages/no-img-element  @next/next/no-img-element

./app/dashboard/cleaner/quote-requests/page.tsx
74:6  Warning: React Hook useEffect has a missing dependency: 'loadQuotes'. Either include it or remove the dependency array.  react-hooks/exhaustive-deps

./app/dashboard/cleaner/service-areas/page.tsx
43:6  Warning: React Hook useEffect has a missing dependency: 'loadServiceAreas'. Either include it or remove the dependency array.  react-hooks/exhaustive-deps
331:50  Error: `'` can be escaped with `&apos;`, `&lsquo;`, `&#39;`, `&rsquo;`.  react/no-unescaped-entities

./app/dashboard/cleaner/setup/page.tsx
479:103  Error: `'` can be escaped with `&apos;`, `&lsquo;`, `&#39;`, `&rsquo;`.  react/no-unescaped-entities

./app/dashboard/customer/page.tsx
62:6  Warning: React Hook useEffect has missing dependencies: 'loadProfile' and 'loadQuotes'. Either include them or remove the dependency array.  react-hooks/exhaustive-deps

./app/forgot-password/page.tsx
49:27  Error: `'` can be escaped with `&apos;`, `&lsquo;`, `&#39;`, `&rsquo;`.  react/no-unescaped-entities
72:19  Error: `'` can be escaped with `&apos;`, `&lsquo;`, `&#39;`, `&rsquo;`.  react/no-unescaped-entities
75:21  Error: `'` can be escaped with `&apos;`, `&lsquo;`, `&#39;`, `&rsquo;`.  react/no-unescaped-entities

./app/page.tsx
140:26  Error: `'` can be escaped with `&apos;`, `&lsquo;`, `&#39;`, `&rsquo;`.  react/no-unescaped-entities
541:19  Error: `"` can be escaped with `&quot;`, `&ldquo;`, `&#34;`, `&rdquo;`.  react/no-unescaped-entities
541:38  Error: `"` can be escaped with `&quot;`, `&ldquo;`, `&#34;`, `&rdquo;`.  react/no-unescaped-entities
591:56  Error: `'` can be escaped with `&apos;`, `&lsquo;`, `&#39;`, `&rsquo;`.  react/no-unescaped-entities

./app/pricing/page.tsx
396:87  Error: `'` can be escaped with `&apos;`, `&lsquo;`, `&#39;`, `&rsquo;`.  react/no-unescaped-entities
396:125  Error: `'` can be escaped with `&apos;`, `&lsquo;`, `&#39;`, `&rsquo;`.  react/no-unescaped-entities
396:152  Error: `'` can be escaped with `&apos;`, `&lsquo;`, `&#39;`, `&rsquo;`.  react/no-unescaped-entities

./app/search/page.tsx
194:6  Warning: React Hook useEffect has a missing dependency: 'loadCleaners'. Either include it or remove the dependency array.  react-hooks/exhaustive-deps

./app/settings/page.tsx
42:6  Warning: React Hook useEffect has a missing dependency: 'loadSettings'. Either include it or remove the dependency array.  react-hooks/exhaustive-deps

./components/Footer.tsx
15:22  Error: `'` can be escaped with `&apos;`, `&lsquo;`, `&#39;`, `&rsquo;`.  react/no-unescaped-entities

./components/auth/AuthForm.tsx
208:20  Error: `'` can be escaped with `&apos;`, `&lsquo;`, `&#39;`, `&rsquo;`.  react/no-unescaped-entities

./components/onboarding/DocumentUploadForm.tsx
111:6  Warning: React Hook useCallback has a missing dependency: 'handleFileSelect'. Either include it or remove the dependency array.  react-hooks/exhaustive-deps

./components/onboarding/ReviewSubmitForm.tsx
265:77  Error: `'` can be escaped with `&apos;`, `&lsquo;`, `&#39;`, `&rsquo;`.  react/no-unescaped-entities

./components/onboarding/TrainingModule.tsx
151:71  Error: `'` can be escaped with `&apos;`, `&lsquo;`, `&#39;`, `&rsquo;`.  react/no-unescaped-entities

./components/search/CleanerCard.tsx
82:13  Warning: Using `<img>` could result in slower LCP and higher bandwidth. Consider using `<Image />` from `next/image` to automatically optimize images. This may incur additional usage or cost from your provider. See: https://nextjs.org/docs/messages/no-img-element  @next/next/no-img-element

./lib/context/AuthContext.tsx
66:6  Warning: React Hook useEffect has a missing dependency: 'supabase.auth'. Either include it or remove the dependency array.  react-hooks/exhaustive-deps

info  - Need to disable some ESLint rules? Learn more here: https://nextjs.org/docs/basic-features/eslint#disabling-rules
[2026-01-23 02:29:04] [WARN] Lint warnings/errors (non-blocking)
[2026-01-23 02:29:04] [INFO] Running Playwright smoke tests...
