Ralph Development Session - 2026-01-22 02-10-01
================================================
[2026-01-22 02:10:01] [INFO] Configuration:
[2026-01-22 02:10:01] [INFO]   Max tasks per run: 3
[2026-01-22 02:10:01] [INFO]   Time cap: 90 minutes
[2026-01-22 02:10:01] [INFO]   Commit prefix: ralph:
[2026-01-22 02:10:01] [INFO] ========== Task 1/3 ==========
[2026-01-22 02:10:01] [INFO] Executing task: AUTH-001
[2026-01-22 02:10:01] [INFO] Title: Email verification flow
[2026-01-22 02:10:01] [INFO] Task AUTH-001 status updated to: in-progress
I'm currently blocked on all file write operations. The user needs to grant write permissions for me to proceed with implementing the email verification flow. 

The implementation plan is ready:

1. **lib/email/verification.ts** - New file with:
   - `resendVerificationEmail()` function using Supabase's `auth.resend()`
   - `checkEmailVerified()` function
   - `getEmailRedirectUrl()` helper
   - `VERIFICATION_CONFIG` constants (24hr expiry, 60s cooldown, 3 max resends/hour)

2. **components/auth/AuthForm.tsx** - Updates needed:
   - Add `pendingVerification` state and `pendingEmail` state
   - Change line 62 from showing error to setting verification pending state
   - Add a verification pending UI card with:
     - Success message about email sent
     - Display of email address
     - Resend verification button with cooldown
     - Link to go back to login

3. **app/auth/confirm/page.tsx** - Already handles verification callback well, just needs minor updates:
   - Add resend verification option on error state

Please grant file write permissions so I can proceed with implementing these changes. Once permissions are granted, I'll create the verification utility and update the AuthForm to show a proper "verify your email" state instead of an error message.
[2026-01-22 02:29:26] [OK] Claude completed task in 1165s
[2026-01-22 02:29:26] [INFO] Validating changes...
[2026-01-22 02:29:26] [INFO] Running build: npm run build

> nextjs@0.1.0 build
> next build

   Creating an optimized production build...
 âš  Compiled with warnings

./node_modules/@supabase/realtime-js/dist/module/lib/websocket-factory.js
Critical dependency: the request of a dependency is an expression

Import trace for requested module:
./node_modules/@supabase/realtime-js/dist/module/lib/websocket-factory.js
./node_modules/@supabase/realtime-js/dist/module/index.js
./node_modules/@supabase/supabase-js/dist/module/index.js
./node_modules/@supabase/ssr/dist/module/createBrowserClient.js
./node_modules/@supabase/ssr/dist/module/index.js
./lib/supabase/client.ts
./lib/context/AuthContext.tsx

./node_modules/@supabase/realtime-js/dist/main/RealtimeClient.js
Critical dependency: the request of a dependency is an expression

Import trace for requested module:
./node_modules/@supabase/realtime-js/dist/main/RealtimeClient.js
./node_modules/@supabase/realtime-js/dist/main/index.js
./node_modules/@supabase/supabase-js/dist/main/index.js
./node_modules/@supabase/ssr/dist/main/createBrowserClient.js
./node_modules/@supabase/ssr/dist/main/index.js
./lib/supabase/client.ts
./app/forgot-password/page.tsx

./node_modules/@supabase/realtime-js/dist/main/lib/websocket-factory.js
Critical dependency: the request of a dependency is an expression

Import trace for requested module:
./node_modules/@supabase/realtime-js/dist/main/lib/websocket-factory.js
./node_modules/@supabase/realtime-js/dist/main/index.js
./node_modules/@supabase/supabase-js/dist/main/index.js
./node_modules/@supabase/ssr/dist/main/createBrowserClient.js
./node_modules/@supabase/ssr/dist/main/index.js
./lib/supabase/client.ts
./app/forgot-password/page.tsx

./node_modules/@supabase/realtime-js/dist/main/RealtimeClient.js
Critical dependency: the request of a dependency is an expression

Import trace for requested module:
./node_modules/@supabase/realtime-js/dist/main/RealtimeClient.js
./node_modules/@supabase/realtime-js/dist/main/index.js
./node_modules/@supabase/supabase-js/dist/main/index.js
./node_modules/@supabase/ssr/dist/main/createBrowserClient.js
./node_modules/@supabase/ssr/dist/main/index.js
./lib/supabase/server.ts
./app/dashboard/admin/actions.ts

./node_modules/@supabase/realtime-js/dist/main/RealtimeClient.js
Critical dependency: the request of a dependency is an expression

Import trace for requested module:
./node_modules/@supabase/realtime-js/dist/main/RealtimeClient.js
./node_modules/@supabase/realtime-js/dist/main/index.js
./node_modules/@supabase/supabase-js/dist/main/index.js
./node_modules/@supabase/ssr/dist/main/createBrowserClient.js
./node_modules/@supabase/ssr/dist/main/index.js
./lib/supabase/server.ts
./app/sitemap.ts
./node_modules/next/dist/build/webpack/loaders/next-metadata-route-loader.js?page=%2Fsitemap.xml%2Froute&isDynamic=1!./app/sitemap.ts?__next_metadata_route__

./node_modules/@supabase/realtime-js/dist/main/RealtimeClient.js
Critical dependency: the request of a dependency is an expression

Import trace for requested module:
./node_modules/@supabase/realtime-js/dist/main/RealtimeClient.js
./node_modules/@supabase/realtime-js/dist/main/index.js
./node_modules/@supabase/supabase-js/dist/main/index.js
./node_modules/@supabase/ssr/dist/main/createBrowserClient.js
./node_modules/@supabase/ssr/dist/main/index.js
./lib/supabase/server.ts
./app/logout/route.ts

./node_modules/@supabase/realtime-js/dist/main/lib/websocket-factory.js
Critical dependency: the request of a dependency is an expression

Import trace for requested module:
./node_modules/@supabase/realtime-js/dist/main/lib/websocket-factory.js
./node_modules/@supabase/realtime-js/dist/main/index.js
./node_modules/@supabase/supabase-js/dist/main/index.js
./node_modules/@supabase/ssr/dist/main/createBrowserClient.js
./node_modules/@supabase/ssr/dist/main/index.js
./lib/supabase/server.ts
./app/dashboard/admin/actions.ts

./node_modules/@supabase/realtime-js/dist/main/lib/websocket-factory.js
Critical dependency: the request of a dependency is an expression

Import trace for requested module:
./node_modules/@supabase/realtime-js/dist/main/lib/websocket-factory.js
./node_modules/@supabase/realtime-js/dist/main/index.js
./node_modules/@supabase/supabase-js/dist/main/index.js
./node_modules/@supabase/ssr/dist/main/createBrowserClient.js
./node_modules/@supabase/ssr/dist/main/index.js
./lib/supabase/server.ts
./app/sitemap.ts
./node_modules/next/dist/build/webpack/loaders/next-metadata-route-loader.js?page=%2Fsitemap.xml%2Froute&isDynamic=1!./app/sitemap.ts?__next_metadata_route__

./node_modules/@supabase/realtime-js/dist/main/lib/websocket-factory.js
Critical dependency: the request of a dependency is an expression

Import trace for requested module:
./node_modules/@supabase/realtime-js/dist/main/lib/websocket-factory.js
./node_modules/@supabase/realtime-js/dist/main/index.js
./node_modules/@supabase/supabase-js/dist/main/index.js
./node_modules/@supabase/ssr/dist/main/createBrowserClient.js
./node_modules/@supabase/ssr/dist/main/index.js
./lib/supabase/server.ts
./app/logout/route.ts

./node_modules/@supabase/realtime-js/dist/module/lib/websocket-factory.js
Critical dependency: the request of a dependency is an expression

Import trace for requested module:
./node_modules/@supabase/realtime-js/dist/module/lib/websocket-factory.js
./node_modules/@supabase/realtime-js/dist/module/index.js
./node_modules/@supabase/supabase-js/dist/module/index.js
./node_modules/@supabase/ssr/dist/module/createBrowserClient.js
./node_modules/@supabase/ssr/dist/module/index.js

   Skipping linting
   Checking validity of types...
Failed to compile.

./app/dashboard/cleaner/leads/page.tsx:144:16
Type error: Argument of type '{ id: any; service_type: any; property_size: any; property_type: any; frequency: any; preferred_date: any; preferred_time: any; zip_code: any; city: any; budget_range: any; special_instructions: any; created_at: any; customer: { ...; }[]; }[]' is not assignable to parameter of type 'SetStateAction<Lead[]>'.
  Type '{ id: any; service_type: any; property_size: any; property_type: any; frequency: any; preferred_date: any; preferred_time: any; zip_code: any; city: any; budget_range: any; special_instructions: any; created_at: any; customer: { ...; }[]; }[]' is not assignable to type 'Lead[]'.
    Type '{ id: any; service_type: any; property_size: any; property_type: any; frequency: any; preferred_date: any; preferred_time: any; zip_code: any; city: any; budget_range: any; special_instructions: any; created_at: any; customer: { ...; }[]; }' is not assignable to type 'Lead'.
      Types of property 'customer' are incompatible.
        Type '{ full_name: any; email: any; phone: any; }[]' is missing the following properties from type '{ full_name: string; email: string; phone: string; }': full_name, email, phone

[0m [90m 142 | [39m[0m
[0m [90m 143 | [39m      [36mif[39m (error) [36mthrow[39m error[33m;[39m[0m
[0m[31m[1m>[22m[39m[90m 144 | [39m      setLeads(data [33m||[39m [])[33m;[39m[0m
[0m [90m     | [39m               [31m[1m^[22m[39m[0m
[0m [90m 145 | [39m    } [36mcatch[39m (error) {[0m
[0m [90m 146 | [39m      console[33m.[39merror([32m'Error loading leads:'[39m[33m,[39m error)[33m;[39m[0m
[0m [90m 147 | [39m    } [36mfinally[39m {[0m
[2026-01-22 02:33:11] [ERROR] Build failed
[2026-01-22 02:33:12] [INFO] Task AUTH-001 status updated to: failed
[2026-01-22 02:33:12] [ERROR] Task AUTH-001 failed validation
[2026-01-22 02:33:12] [ERROR] Task failed - continuing to next task
[2026-01-22 02:33:12] [INFO] ========== Task 2/3 ==========
[2026-01-22 02:33:12] [INFO] Executing task: BOOK-001
[2026-01-22 02:33:12] [INFO] Title: Customer instant booking flow
[2026-01-22 02:33:12] [INFO] Task BOOK-001 status updated to: in-progress
I'm blocked on implementing the booking feature because file write permissions have not been granted. The system requires user approval to write new files to directories like `components/booking/`.

To complete the BOOK-001 task, I need permission to:
1. Create new files in `/root/Boss-of_clean-2/components/booking/`
2. Create new files in `/root/Boss-of_clean-2/app/book/`
3. Create new files in `/root/Boss-of_clean-2/app/api/bookings/`
4. Create new files in `/root/Boss-of_clean-2/lib/email/`
5. Create new SQL migration files in `/root/Boss-of_clean-2/supabase/`
6. Edit existing file `/root/Boss-of_clean-2/app/cleaner/[slug]/page.tsx`

Please grant write permissions so I can proceed with the implementation.
[2026-01-22 03:08:55] [OK] Claude completed task in 2143s
[2026-01-22 03:08:55] [INFO] Validating changes...
[2026-01-22 03:08:55] [INFO] Running build: npm run build

> nextjs@0.1.0 build
> next build

   Creating an optimized production build...
 âš  Compiled with warnings

./node_modules/@supabase/realtime-js/dist/module/lib/websocket-factory.js
Critical dependency: the request of a dependency is an expression

Import trace for requested module:
./node_modules/@supabase/realtime-js/dist/module/lib/websocket-factory.js
./node_modules/@supabase/realtime-js/dist/module/index.js
./node_modules/@supabase/supabase-js/dist/module/index.js
./node_modules/@supabase/ssr/dist/module/createBrowserClient.js
./node_modules/@supabase/ssr/dist/module/index.js
./lib/supabase/client.ts
./lib/context/AuthContext.tsx

./node_modules/@supabase/realtime-js/dist/main/RealtimeClient.js
Critical dependency: the request of a dependency is an expression

Import trace for requested module:
./node_modules/@supabase/realtime-js/dist/main/RealtimeClient.js
./node_modules/@supabase/realtime-js/dist/main/index.js
./node_modules/@supabase/supabase-js/dist/main/index.js
./node_modules/@supabase/ssr/dist/main/createBrowserClient.js
./node_modules/@supabase/ssr/dist/main/index.js
./lib/supabase/client.ts
./app/forgot-password/page.tsx

./node_modules/@supabase/realtime-js/dist/main/lib/websocket-factory.js
Critical dependency: the request of a dependency is an expression

Import trace for requested module:
./node_modules/@supabase/realtime-js/dist/main/lib/websocket-factory.js
./node_modules/@supabase/realtime-js/dist/main/index.js
./node_modules/@supabase/supabase-js/dist/main/index.js
./node_modules/@supabase/ssr/dist/main/createBrowserClient.js
./node_modules/@supabase/ssr/dist/main/index.js
./lib/supabase/client.ts
./app/forgot-password/page.tsx

./node_modules/@supabase/realtime-js/dist/main/RealtimeClient.js
Critical dependency: the request of a dependency is an expression

Import trace for requested module:
./node_modules/@supabase/realtime-js/dist/main/RealtimeClient.js
./node_modules/@supabase/realtime-js/dist/main/index.js
./node_modules/@supabase/supabase-js/dist/main/index.js
./node_modules/@supabase/ssr/dist/main/createBrowserClient.js
./node_modules/@supabase/ssr/dist/main/index.js
./lib/supabase/server.ts
./app/dashboard/admin/actions.ts

./node_modules/@supabase/realtime-js/dist/main/RealtimeClient.js
Critical dependency: the request of a dependency is an expression

Import trace for requested module:
./node_modules/@supabase/realtime-js/dist/main/RealtimeClient.js
./node_modules/@supabase/realtime-js/dist/main/index.js
./node_modules/@supabase/supabase-js/dist/main/index.js
./node_modules/@supabase/ssr/dist/main/createBrowserClient.js
./node_modules/@supabase/ssr/dist/main/index.js
./lib/supabase/server.ts
./app/sitemap.ts
./node_modules/next/dist/build/webpack/loaders/next-metadata-route-loader.js?page=%2Fsitemap.xml%2Froute&isDynamic=1!./app/sitemap.ts?__next_metadata_route__

./node_modules/@supabase/realtime-js/dist/main/RealtimeClient.js
Critical dependency: the request of a dependency is an expression

Import trace for requested module:
./node_modules/@supabase/realtime-js/dist/main/RealtimeClient.js
./node_modules/@supabase/realtime-js/dist/main/index.js
./node_modules/@supabase/supabase-js/dist/main/index.js
./node_modules/@supabase/ssr/dist/main/createBrowserClient.js
./node_modules/@supabase/ssr/dist/main/index.js
./lib/supabase/server.ts
./app/logout/route.ts

./node_modules/@supabase/realtime-js/dist/main/lib/websocket-factory.js
Critical dependency: the request of a dependency is an expression

Import trace for requested module:
./node_modules/@supabase/realtime-js/dist/main/lib/websocket-factory.js
./node_modules/@supabase/realtime-js/dist/main/index.js
./node_modules/@supabase/supabase-js/dist/main/index.js
./node_modules/@supabase/ssr/dist/main/createBrowserClient.js
./node_modules/@supabase/ssr/dist/main/index.js
./lib/supabase/server.ts
./app/dashboard/admin/actions.ts

./node_modules/@supabase/realtime-js/dist/main/lib/websocket-factory.js
Critical dependency: the request of a dependency is an expression

Import trace for requested module:
./node_modules/@supabase/realtime-js/dist/main/lib/websocket-factory.js
./node_modules/@supabase/realtime-js/dist/main/index.js
./node_modules/@supabase/supabase-js/dist/main/index.js
./node_modules/@supabase/ssr/dist/main/createBrowserClient.js
./node_modules/@supabase/ssr/dist/main/index.js
./lib/supabase/server.ts
./app/sitemap.ts
./node_modules/next/dist/build/webpack/loaders/next-metadata-route-loader.js?page=%2Fsitemap.xml%2Froute&isDynamic=1!./app/sitemap.ts?__next_metadata_route__

./node_modules/@supabase/realtime-js/dist/main/lib/websocket-factory.js
Critical dependency: the request of a dependency is an expression

Import trace for requested module:
./node_modules/@supabase/realtime-js/dist/main/lib/websocket-factory.js
./node_modules/@supabase/realtime-js/dist/main/index.js
./node_modules/@supabase/supabase-js/dist/main/index.js
./node_modules/@supabase/ssr/dist/main/createBrowserClient.js
./node_modules/@supabase/ssr/dist/main/index.js
./lib/supabase/server.ts
./app/logout/route.ts

./node_modules/@supabase/realtime-js/dist/module/lib/websocket-factory.js
Critical dependency: the request of a dependency is an expression

Import trace for requested module:
./node_modules/@supabase/realtime-js/dist/module/lib/websocket-factory.js
./node_modules/@supabase/realtime-js/dist/module/index.js
./node_modules/@supabase/supabase-js/dist/module/index.js
./node_modules/@supabase/ssr/dist/module/createBrowserClient.js
./node_modules/@supabase/ssr/dist/module/index.js

   Skipping linting
   Checking validity of types...
Failed to compile.

./app/dashboard/cleaner/leads/page.tsx:144:16
Type error: Argument of type '{ id: any; service_type: any; property_size: any; property_type: any; frequency: any; preferred_date: any; preferred_time: any; zip_code: any; city: any; budget_range: any; special_instructions: any; created_at: any; customer: { ...; }[]; }[]' is not assignable to parameter of type 'SetStateAction<Lead[]>'.
  Type '{ id: any; service_type: any; property_size: any; property_type: any; frequency: any; preferred_date: any; preferred_time: any; zip_code: any; city: any; budget_range: any; special_instructions: any; created_at: any; customer: { ...; }[]; }[]' is not assignable to type 'Lead[]'.
    Type '{ id: any; service_type: any; property_size: any; property_type: any; frequency: any; preferred_date: any; preferred_time: any; zip_code: any; city: any; budget_range: any; special_instructions: any; created_at: any; customer: { ...; }[]; }' is not assignable to type 'Lead'.
      Types of property 'customer' are incompatible.
        Type '{ full_name: any; email: any; phone: any; }[]' is missing the following properties from type '{ full_name: string; email: string; phone: string; }': full_name, email, phone

[0m [90m 142 | [39m[0m
[0m [90m 143 | [39m      [36mif[39m (error) [36mthrow[39m error[33m;[39m[0m
[0m[31m[1m>[22m[39m[90m 144 | [39m      setLeads(data [33m||[39m [])[33m;[39m[0m
[0m [90m     | [39m               [31m[1m^[22m[39m[0m
[0m [90m 145 | [39m    } [36mcatch[39m (error) {[0m
[0m [90m 146 | [39m      console[33m.[39merror([32m'Error loading leads:'[39m[33m,[39m error)[33m;[39m[0m
[0m [90m 147 | [39m    } [36mfinally[39m {[0m
[2026-01-22 03:09:49] [ERROR] Build failed
[2026-01-22 03:09:49] [INFO] Task BOOK-001 status updated to: failed
[2026-01-22 03:09:49] [ERROR] Task BOOK-001 failed validation
[2026-01-22 03:09:49] [ERROR] Task failed - continuing to next task
[2026-01-22 03:09:49] [INFO] ========== Task 3/3 ==========
[2026-01-22 03:09:49] [INFO] Executing task: BOOK-003
[2026-01-22 03:09:49] [INFO] Title: Booking management for cleaners
[2026-01-22 03:09:49] [INFO] Task BOOK-003 status updated to: in-progress
You've hit your limit Â· resets 6am (UTC)
[2026-01-22 03:13:18] [INFO] Task BOOK-003 status updated to: failed
[2026-01-22 03:13:18] [ERROR] Claude execution failed for task BOOK-003
[2026-01-22 03:13:18] [ERROR] Task failed - continuing to next task
[2026-01-22 03:13:18] [INFO] Generating report...
[2026-01-22 03:13:18] [OK] Report generated: /root/Boss-of_clean-2/ralph/reports/2026-01-22_02-10-01.md
