Ralph Development Session - 2026-01-22 02-13-17
================================================
[2026-01-22 02:13:17] [INFO] Configuration:
[2026-01-22 02:13:17] [INFO]   Max tasks per run: 3
[2026-01-22 02:13:18] [INFO]   Time cap: 90 minutes
[2026-01-22 02:13:18] [INFO]   Commit prefix: ralph:
[2026-01-22 02:13:18] [INFO] ========== Task 1/3 ==========
[2026-01-22 02:13:18] [INFO] Executing task: AUTH-002
[2026-01-22 02:13:18] [INFO] Title: Password reset flow
[2026-01-22 02:13:18] [INFO] Task AUTH-002 status updated to: in-progress
I'm unable to proceed without write permissions being granted for the files. The task requires creating and modifying files:

1. **Create** `/root/Boss-of_clean-2/lib/email/password-reset.ts` - Password reset email utility with rate limiting config and password validation
2. **Edit** `/root/Boss-of_clean-2/app/forgot-password/page.tsx` - Add rate limiting (max 3 requests per hour per email)  
3. **Edit** `/root/Boss-of_clean-2/app/auth/reset-password/page.tsx` - Add password strength validation

Please grant write permissions to these files so I can complete the AUTH-002 password reset flow implementation.
[2026-01-22 02:28:38] [OK] Claude completed task in 920s
[2026-01-22 02:28:38] [INFO] Validating changes...
[2026-01-22 02:28:38] [INFO] Running build: npm run build

> nextjs@0.1.0 build
> next build

   Creating an optimized production build...
<w> [webpack.cache.PackFileCacheStrategy] Serializing big strings (116kiB) impacts deserialization performance (consider using Buffer instead and decode when needed)
Browserslist: caniuse-lite is outdated. Please run:
  npx update-browserslist-db@latest
  Why you should do it regularly: https://github.com/browserslist/update-db#readme
Browserslist: caniuse-lite is outdated. Please run:
  npx browserslist@latest --update-db
  Why you should do it regularly: https://github.com/browserslist/browserslist#browsers-data-updating
 âš  Compiled with warnings

./node_modules/@supabase/realtime-js/dist/module/lib/websocket-factory.js
Critical dependency: the request of a dependency is an expression

Import trace for requested module:
./node_modules/@supabase/realtime-js/dist/module/lib/websocket-factory.js
./node_modules/@supabase/realtime-js/dist/module/index.js
./node_modules/@supabase/supabase-js/dist/module/index.js
./node_modules/@supabase/ssr/dist/module/createBrowserClient.js
./node_modules/@supabase/ssr/dist/module/index.js
./lib/supabase/client.ts
./lib/context/AuthContext.tsx

./node_modules/@supabase/realtime-js/dist/main/RealtimeClient.js
Critical dependency: the request of a dependency is an expression

Import trace for requested module:
./node_modules/@supabase/realtime-js/dist/main/RealtimeClient.js
./node_modules/@supabase/realtime-js/dist/main/index.js
./node_modules/@supabase/supabase-js/dist/main/index.js
./node_modules/@supabase/ssr/dist/main/createBrowserClient.js
./node_modules/@supabase/ssr/dist/main/index.js
./lib/supabase/client.ts
./app/forgot-password/page.tsx

./node_modules/@supabase/realtime-js/dist/main/lib/websocket-factory.js
Critical dependency: the request of a dependency is an expression

Import trace for requested module:
./node_modules/@supabase/realtime-js/dist/main/lib/websocket-factory.js
./node_modules/@supabase/realtime-js/dist/main/index.js
./node_modules/@supabase/supabase-js/dist/main/index.js
./node_modules/@supabase/ssr/dist/main/createBrowserClient.js
./node_modules/@supabase/ssr/dist/main/index.js
./lib/supabase/client.ts
./app/forgot-password/page.tsx

./node_modules/@supabase/realtime-js/dist/main/RealtimeClient.js
Critical dependency: the request of a dependency is an expression

Import trace for requested module:
./node_modules/@supabase/realtime-js/dist/main/RealtimeClient.js
./node_modules/@supabase/realtime-js/dist/main/index.js
./node_modules/@supabase/supabase-js/dist/main/index.js
./node_modules/@supabase/ssr/dist/main/createBrowserClient.js
./node_modules/@supabase/ssr/dist/main/index.js
./lib/supabase/server.ts
./app/quote-request/actions.ts

./node_modules/@supabase/realtime-js/dist/main/RealtimeClient.js
Critical dependency: the request of a dependency is an expression

Import trace for requested module:
./node_modules/@supabase/realtime-js/dist/main/RealtimeClient.js
./node_modules/@supabase/realtime-js/dist/main/index.js
./node_modules/@supabase/supabase-js/dist/main/index.js
./node_modules/@supabase/ssr/dist/main/createBrowserClient.js
./node_modules/@supabase/ssr/dist/main/index.js
./lib/supabase/server.ts
./app/sitemap.ts
./node_modules/next/dist/build/webpack/loaders/next-metadata-route-loader.js?page=%2Fsitemap.xml%2Froute&isDynamic=1!./app/sitemap.ts?__next_metadata_route__

./node_modules/@supabase/realtime-js/dist/main/RealtimeClient.js
Critical dependency: the request of a dependency is an expression

Import trace for requested module:
./node_modules/@supabase/realtime-js/dist/main/RealtimeClient.js
./node_modules/@supabase/realtime-js/dist/main/index.js
./node_modules/@supabase/supabase-js/dist/main/index.js
./node_modules/@supabase/ssr/dist/main/createBrowserClient.js
./node_modules/@supabase/ssr/dist/main/index.js
./lib/supabase/server.ts
./app/logout/route.ts

./node_modules/@supabase/realtime-js/dist/main/lib/websocket-factory.js
Critical dependency: the request of a dependency is an expression

Import trace for requested module:
./node_modules/@supabase/realtime-js/dist/main/lib/websocket-factory.js
./node_modules/@supabase/realtime-js/dist/main/index.js
./node_modules/@supabase/supabase-js/dist/main/index.js
./node_modules/@supabase/ssr/dist/main/createBrowserClient.js
./node_modules/@supabase/ssr/dist/main/index.js
./lib/supabase/server.ts
./app/quote-request/actions.ts

./node_modules/@supabase/realtime-js/dist/main/lib/websocket-factory.js
Critical dependency: the request of a dependency is an expression

Import trace for requested module:
./node_modules/@supabase/realtime-js/dist/main/lib/websocket-factory.js
./node_modules/@supabase/realtime-js/dist/main/index.js
./node_modules/@supabase/supabase-js/dist/main/index.js
./node_modules/@supabase/ssr/dist/main/createBrowserClient.js
./node_modules/@supabase/ssr/dist/main/index.js
./lib/supabase/server.ts
./app/sitemap.ts
./node_modules/next/dist/build/webpack/loaders/next-metadata-route-loader.js?page=%2Fsitemap.xml%2Froute&isDynamic=1!./app/sitemap.ts?__next_metadata_route__

./node_modules/@supabase/realtime-js/dist/main/lib/websocket-factory.js
Critical dependency: the request of a dependency is an expression

Import trace for requested module:
./node_modules/@supabase/realtime-js/dist/main/lib/websocket-factory.js
./node_modules/@supabase/realtime-js/dist/main/index.js
./node_modules/@supabase/supabase-js/dist/main/index.js
./node_modules/@supabase/ssr/dist/main/createBrowserClient.js
./node_modules/@supabase/ssr/dist/main/index.js
./lib/supabase/server.ts
./app/logout/route.ts

./node_modules/@supabase/realtime-js/dist/module/lib/websocket-factory.js
A Node.js API is used (process.versions at line: 9) which is not supported in the Edge Runtime.
Learn more: https://nextjs.org/docs/api-reference/edge-runtime

Import trace for requested module:
./node_modules/@supabase/realtime-js/dist/module/lib/websocket-factory.js
./node_modules/@supabase/realtime-js/dist/module/index.js
./node_modules/@supabase/supabase-js/dist/module/index.js
./node_modules/@supabase/ssr/dist/module/createBrowserClient.js
./node_modules/@supabase/ssr/dist/module/index.js

./node_modules/@supabase/realtime-js/dist/module/lib/websocket-factory.js
A Node.js API is used (process.versions at line: 9) which is not supported in the Edge Runtime.
Learn more: https://nextjs.org/docs/api-reference/edge-runtime

Import trace for requested module:
./node_modules/@supabase/realtime-js/dist/module/lib/websocket-factory.js
./node_modules/@supabase/realtime-js/dist/module/index.js
./node_modules/@supabase/supabase-js/dist/module/index.js
./node_modules/@supabase/ssr/dist/module/createBrowserClient.js
./node_modules/@supabase/ssr/dist/module/index.js

./node_modules/@supabase/realtime-js/dist/module/lib/websocket-factory.js
Critical dependency: the request of a dependency is an expression

Import trace for requested module:
./node_modules/@supabase/realtime-js/dist/module/lib/websocket-factory.js
./node_modules/@supabase/realtime-js/dist/module/index.js
./node_modules/@supabase/supabase-js/dist/module/index.js
./node_modules/@supabase/ssr/dist/module/createBrowserClient.js
./node_modules/@supabase/ssr/dist/module/index.js

./node_modules/@supabase/realtime-js/dist/module/lib/websocket-factory.js
A Node.js API is used (process.versions at line: 56) which is not supported in the Edge Runtime.
Learn more: https://nextjs.org/docs/api-reference/edge-runtime

Import trace for requested module:
./node_modules/@supabase/realtime-js/dist/module/lib/websocket-factory.js
./node_modules/@supabase/realtime-js/dist/module/index.js
./node_modules/@supabase/supabase-js/dist/module/index.js
./node_modules/@supabase/ssr/dist/module/createBrowserClient.js
./node_modules/@supabase/ssr/dist/module/index.js

./node_modules/@supabase/realtime-js/dist/module/lib/websocket-factory.js
A Node.js API is used (process.versions at line: 56) which is not supported in the Edge Runtime.
Learn more: https://nextjs.org/docs/api-reference/edge-runtime

Import trace for requested module:
./node_modules/@supabase/realtime-js/dist/module/lib/websocket-factory.js
./node_modules/@supabase/realtime-js/dist/module/index.js
./node_modules/@supabase/supabase-js/dist/module/index.js
./node_modules/@supabase/ssr/dist/module/createBrowserClient.js
./node_modules/@supabase/ssr/dist/module/index.js

./node_modules/@supabase/realtime-js/dist/module/lib/websocket-factory.js
A Node.js API is used (process.versions at line: 57) which is not supported in the Edge Runtime.
Learn more: https://nextjs.org/docs/api-reference/edge-runtime

Import trace for requested module:
./node_modules/@supabase/realtime-js/dist/module/lib/websocket-factory.js
./node_modules/@supabase/realtime-js/dist/module/index.js
./node_modules/@supabase/supabase-js/dist/module/index.js
./node_modules/@supabase/ssr/dist/module/createBrowserClient.js
./node_modules/@supabase/ssr/dist/module/index.js

./node_modules/@supabase/supabase-js/dist/module/index.js
A Node.js API is used (process.version at line: 23) which is not supported in the Edge Runtime.
Learn more: https://nextjs.org/docs/api-reference/edge-runtime

Import trace for requested module:
./node_modules/@supabase/supabase-js/dist/module/index.js
./node_modules/@supabase/ssr/dist/module/createBrowserClient.js
./node_modules/@supabase/ssr/dist/module/index.js

   Skipping linting
   Checking validity of types...
Failed to compile.

./app/dashboard/cleaner/leads/page.tsx:144:16
Type error: Argument of type '{ id: any; service_type: any; property_size: any; property_type: any; frequency: any; preferred_date: any; preferred_time: any; zip_code: any; city: any; budget_range: any; special_instructions: any; created_at: any; customer: { ...; }[]; }[]' is not assignable to parameter of type 'SetStateAction<Lead[]>'.
  Type '{ id: any; service_type: any; property_size: any; property_type: any; frequency: any; preferred_date: any; preferred_time: any; zip_code: any; city: any; budget_range: any; special_instructions: any; created_at: any; customer: { ...; }[]; }[]' is not assignable to type 'Lead[]'.
    Type '{ id: any; service_type: any; property_size: any; property_type: any; frequency: any; preferred_date: any; preferred_time: any; zip_code: any; city: any; budget_range: any; special_instructions: any; created_at: any; customer: { ...; }[]; }' is not assignable to type 'Lead'.
      Types of property 'customer' are incompatible.
        Type '{ full_name: any; email: any; phone: any; }[]' is missing the following properties from type '{ full_name: string; email: string; phone: string; }': full_name, email, phone

[0m [90m 142 | [39m[0m
[0m [90m 143 | [39m      [36mif[39m (error) [36mthrow[39m error[33m;[39m[0m
[0m[31m[1m>[22m[39m[90m 144 | [39m      setLeads(data [33m||[39m [])[33m;[39m[0m
[0m [90m     | [39m               [31m[1m^[22m[39m[0m
[0m [90m 145 | [39m    } [36mcatch[39m (error) {[0m
[0m [90m 146 | [39m      console[33m.[39merror([32m'Error loading leads:'[39m[33m,[39m error)[33m;[39m[0m
[0m [90m 147 | [39m    } [36mfinally[39m {[0m
[2026-01-22 02:32:12] [ERROR] Build failed
[2026-01-22 02:32:12] [INFO] Task AUTH-002 status updated to: failed
[2026-01-22 02:32:12] [ERROR] Task AUTH-002 failed validation
[2026-01-22 02:32:12] [ERROR] Task failed - continuing to next task
[2026-01-22 02:32:12] [INFO] ========== Task 2/3 ==========
[2026-01-22 02:32:12] [INFO] Executing task: DASH-001
[2026-01-22 02:32:12] [INFO] Title: Cleaner calendar/availability settings
[2026-01-22 02:32:12] [INFO] Task DASH-001 status updated to: in-progress
I am unable to proceed with creating files because write permissions haven't been granted. The implementation requires creating these files:

1. **`supabase/10-availability-schema.sql`** - Database schema with:
   - `cleaner_availability` table (weekly schedule with morning/afternoon/evening slots)
   - `cleaner_blocked_dates` table (vacation/blocked dates)
   - New columns for cleaners table (instant_booking_enabled, vacation_mode, etc.)
   - RLS policies and helper functions

2. **`components/availability/WeeklySchedule.tsx`** - React component for:
   - Weekly schedule grid (Mon-Sun with AM/PM/Evening slots)
   - Desktop table and mobile card views
   - Quick actions (Mark All Available, Weekdays Only, Clear All)

3. **`app/dashboard/cleaner/availability/page.tsx`** - Dashboard page with:
   - Instant booking toggle
   - Vacation mode with date range
   - Weekly schedule editor
   - Blocked dates calendar

To proceed, please grant write permissions for these file paths, or let me know if you'd like me to output the file contents in a different format that you can manually create.
[2026-01-22 02:46:45] [OK] Claude completed task in 873s
[2026-01-22 02:46:45] [INFO] Validating changes...
[2026-01-22 02:46:45] [INFO] Running build: npm run build

> nextjs@0.1.0 build
> next build

   Creating an optimized production build...
 âš  Compiled with warnings

./node_modules/@supabase/realtime-js/dist/module/lib/websocket-factory.js
Critical dependency: the request of a dependency is an expression

Import trace for requested module:
./node_modules/@supabase/realtime-js/dist/module/lib/websocket-factory.js
./node_modules/@supabase/realtime-js/dist/module/index.js
./node_modules/@supabase/supabase-js/dist/module/index.js
./node_modules/@supabase/ssr/dist/module/createBrowserClient.js
./node_modules/@supabase/ssr/dist/module/index.js
./lib/supabase/client.ts
./lib/context/AuthContext.tsx

./node_modules/@supabase/realtime-js/dist/main/RealtimeClient.js
Critical dependency: the request of a dependency is an expression

Import trace for requested module:
./node_modules/@supabase/realtime-js/dist/main/RealtimeClient.js
./node_modules/@supabase/realtime-js/dist/main/index.js
./node_modules/@supabase/supabase-js/dist/main/index.js
./node_modules/@supabase/ssr/dist/main/createBrowserClient.js
./node_modules/@supabase/ssr/dist/main/index.js
./lib/supabase/client.ts
./app/forgot-password/page.tsx

./node_modules/@supabase/realtime-js/dist/main/lib/websocket-factory.js
Critical dependency: the request of a dependency is an expression

Import trace for requested module:
./node_modules/@supabase/realtime-js/dist/main/lib/websocket-factory.js
./node_modules/@supabase/realtime-js/dist/main/index.js
./node_modules/@supabase/supabase-js/dist/main/index.js
./node_modules/@supabase/ssr/dist/main/createBrowserClient.js
./node_modules/@supabase/ssr/dist/main/index.js
./lib/supabase/client.ts
./app/forgot-password/page.tsx

./node_modules/@supabase/realtime-js/dist/main/RealtimeClient.js
Critical dependency: the request of a dependency is an expression

Import trace for requested module:
./node_modules/@supabase/realtime-js/dist/main/RealtimeClient.js
./node_modules/@supabase/realtime-js/dist/main/index.js
./node_modules/@supabase/supabase-js/dist/main/index.js
./node_modules/@supabase/ssr/dist/main/createBrowserClient.js
./node_modules/@supabase/ssr/dist/main/index.js
./lib/supabase/server.ts
./app/dashboard/admin/actions.ts

./node_modules/@supabase/realtime-js/dist/main/RealtimeClient.js
Critical dependency: the request of a dependency is an expression

Import trace for requested module:
./node_modules/@supabase/realtime-js/dist/main/RealtimeClient.js
./node_modules/@supabase/realtime-js/dist/main/index.js
./node_modules/@supabase/supabase-js/dist/main/index.js
./node_modules/@supabase/ssr/dist/main/createBrowserClient.js
./node_modules/@supabase/ssr/dist/main/index.js
./lib/supabase/server.ts
./app/sitemap.ts
./node_modules/next/dist/build/webpack/loaders/next-metadata-route-loader.js?page=%2Fsitemap.xml%2Froute&isDynamic=1!./app/sitemap.ts?__next_metadata_route__

./node_modules/@supabase/realtime-js/dist/main/RealtimeClient.js
Critical dependency: the request of a dependency is an expression

Import trace for requested module:
./node_modules/@supabase/realtime-js/dist/main/RealtimeClient.js
./node_modules/@supabase/realtime-js/dist/main/index.js
./node_modules/@supabase/supabase-js/dist/main/index.js
./node_modules/@supabase/ssr/dist/main/createBrowserClient.js
./node_modules/@supabase/ssr/dist/main/index.js
./lib/supabase/server.ts
./app/logout/route.ts

./node_modules/@supabase/realtime-js/dist/main/lib/websocket-factory.js
Critical dependency: the request of a dependency is an expression

Import trace for requested module:
./node_modules/@supabase/realtime-js/dist/main/lib/websocket-factory.js
./node_modules/@supabase/realtime-js/dist/main/index.js
./node_modules/@supabase/supabase-js/dist/main/index.js
./node_modules/@supabase/ssr/dist/main/createBrowserClient.js
./node_modules/@supabase/ssr/dist/main/index.js
./lib/supabase/server.ts
./app/dashboard/admin/actions.ts

./node_modules/@supabase/realtime-js/dist/main/lib/websocket-factory.js
Critical dependency: the request of a dependency is an expression

Import trace for requested module:
./node_modules/@supabase/realtime-js/dist/main/lib/websocket-factory.js
./node_modules/@supabase/realtime-js/dist/main/index.js
./node_modules/@supabase/supabase-js/dist/main/index.js
./node_modules/@supabase/ssr/dist/main/createBrowserClient.js
./node_modules/@supabase/ssr/dist/main/index.js
./lib/supabase/server.ts
./app/sitemap.ts
./node_modules/next/dist/build/webpack/loaders/next-metadata-route-loader.js?page=%2Fsitemap.xml%2Froute&isDynamic=1!./app/sitemap.ts?__next_metadata_route__

./node_modules/@supabase/realtime-js/dist/main/lib/websocket-factory.js
Critical dependency: the request of a dependency is an expression

Import trace for requested module:
./node_modules/@supabase/realtime-js/dist/main/lib/websocket-factory.js
./node_modules/@supabase/realtime-js/dist/main/index.js
./node_modules/@supabase/supabase-js/dist/main/index.js
./node_modules/@supabase/ssr/dist/main/createBrowserClient.js
./node_modules/@supabase/ssr/dist/main/index.js
./lib/supabase/server.ts
./app/logout/route.ts

./node_modules/@supabase/realtime-js/dist/module/lib/websocket-factory.js
Critical dependency: the request of a dependency is an expression

Import trace for requested module:
./node_modules/@supabase/realtime-js/dist/module/lib/websocket-factory.js
./node_modules/@supabase/realtime-js/dist/module/index.js
./node_modules/@supabase/supabase-js/dist/module/index.js
./node_modules/@supabase/ssr/dist/module/createBrowserClient.js
./node_modules/@supabase/ssr/dist/module/index.js

   Skipping linting
   Checking validity of types...
Failed to compile.

./app/dashboard/cleaner/leads/page.tsx:144:16
Type error: Argument of type '{ id: any; service_type: any; property_size: any; property_type: any; frequency: any; preferred_date: any; preferred_time: any; zip_code: any; city: any; budget_range: any; special_instructions: any; created_at: any; customer: { ...; }[]; }[]' is not assignable to parameter of type 'SetStateAction<Lead[]>'.
  Type '{ id: any; service_type: any; property_size: any; property_type: any; frequency: any; preferred_date: any; preferred_time: any; zip_code: any; city: any; budget_range: any; special_instructions: any; created_at: any; customer: { ...; }[]; }[]' is not assignable to type 'Lead[]'.
    Type '{ id: any; service_type: any; property_size: any; property_type: any; frequency: any; preferred_date: any; preferred_time: any; zip_code: any; city: any; budget_range: any; special_instructions: any; created_at: any; customer: { ...; }[]; }' is not assignable to type 'Lead'.
      Types of property 'customer' are incompatible.
        Type '{ full_name: any; email: any; phone: any; }[]' is missing the following properties from type '{ full_name: string; email: string; phone: string; }': full_name, email, phone

[0m [90m 142 | [39m[0m
[0m [90m 143 | [39m      [36mif[39m (error) [36mthrow[39m error[33m;[39m[0m
[0m[31m[1m>[22m[39m[90m 144 | [39m      setLeads(data [33m||[39m [])[33m;[39m[0m
[0m [90m     | [39m               [31m[1m^[22m[39m[0m
[0m [90m 145 | [39m    } [36mcatch[39m (error) {[0m
[0m [90m 146 | [39m      console[33m.[39merror([32m'Error loading leads:'[39m[33m,[39m error)[33m;[39m[0m
[0m [90m 147 | [39m    } [36mfinally[39m {[0m
[2026-01-22 02:47:27] [ERROR] Build failed
[2026-01-22 02:47:27] [INFO] Task DASH-001 status updated to: failed
[2026-01-22 02:47:27] [ERROR] Task DASH-001 failed validation
[2026-01-22 02:47:27] [ERROR] Task failed - continuing to next task
[2026-01-22 02:47:27] [INFO] ========== Task 3/3 ==========
[2026-01-22 02:47:27] [INFO] Executing task: BOOK-002
[2026-01-22 02:47:27] [INFO] Title: Booking management for customers
[2026-01-22 02:47:27] [INFO] Task BOOK-002 status updated to: in-progress
I need to wait for permission to create files. The implementation is ready but I cannot write to the filesystem without proper permissions. The user or system administrator needs to grant file write permissions for me to continue.

Would you like me to output the complete implementation code to the console instead so you can manually create the files? Or please grant file write permissions so I can create the necessary files.
[2026-01-22 02:58:09] [OK] Claude completed task in 642s
[2026-01-22 02:58:09] [INFO] Validating changes...
[2026-01-22 02:58:09] [INFO] Running build: npm run build

> nextjs@0.1.0 build
> next build

   Creating an optimized production build...
 âš  Compiled with warnings

./node_modules/@supabase/realtime-js/dist/module/lib/websocket-factory.js
Critical dependency: the request of a dependency is an expression

Import trace for requested module:
./node_modules/@supabase/realtime-js/dist/module/lib/websocket-factory.js
./node_modules/@supabase/realtime-js/dist/module/index.js
./node_modules/@supabase/supabase-js/dist/module/index.js
./node_modules/@supabase/ssr/dist/module/createBrowserClient.js
./node_modules/@supabase/ssr/dist/module/index.js
./lib/supabase/client.ts
./lib/context/AuthContext.tsx

./node_modules/@supabase/realtime-js/dist/main/RealtimeClient.js
Critical dependency: the request of a dependency is an expression

Import trace for requested module:
./node_modules/@supabase/realtime-js/dist/main/RealtimeClient.js
./node_modules/@supabase/realtime-js/dist/main/index.js
./node_modules/@supabase/supabase-js/dist/main/index.js
./node_modules/@supabase/ssr/dist/main/createBrowserClient.js
./node_modules/@supabase/ssr/dist/main/index.js
./lib/supabase/client.ts
./app/forgot-password/page.tsx

./node_modules/@supabase/realtime-js/dist/main/lib/websocket-factory.js
Critical dependency: the request of a dependency is an expression

Import trace for requested module:
./node_modules/@supabase/realtime-js/dist/main/lib/websocket-factory.js
./node_modules/@supabase/realtime-js/dist/main/index.js
./node_modules/@supabase/supabase-js/dist/main/index.js
./node_modules/@supabase/ssr/dist/main/createBrowserClient.js
./node_modules/@supabase/ssr/dist/main/index.js
./lib/supabase/client.ts
./app/forgot-password/page.tsx

./node_modules/@supabase/realtime-js/dist/main/RealtimeClient.js
Critical dependency: the request of a dependency is an expression

Import trace for requested module:
./node_modules/@supabase/realtime-js/dist/main/RealtimeClient.js
./node_modules/@supabase/realtime-js/dist/main/index.js
./node_modules/@supabase/supabase-js/dist/main/index.js
./node_modules/@supabase/ssr/dist/main/createBrowserClient.js
./node_modules/@supabase/ssr/dist/main/index.js
./lib/supabase/server.ts
./app/dashboard/admin/actions.ts

./node_modules/@supabase/realtime-js/dist/main/RealtimeClient.js
Critical dependency: the request of a dependency is an expression

Import trace for requested module:
./node_modules/@supabase/realtime-js/dist/main/RealtimeClient.js
./node_modules/@supabase/realtime-js/dist/main/index.js
./node_modules/@supabase/supabase-js/dist/main/index.js
./node_modules/@supabase/ssr/dist/main/createBrowserClient.js
./node_modules/@supabase/ssr/dist/main/index.js
./lib/supabase/server.ts
./app/sitemap.ts
./node_modules/next/dist/build/webpack/loaders/next-metadata-route-loader.js?page=%2Fsitemap.xml%2Froute&isDynamic=1!./app/sitemap.ts?__next_metadata_route__

./node_modules/@supabase/realtime-js/dist/main/RealtimeClient.js
Critical dependency: the request of a dependency is an expression

Import trace for requested module:
./node_modules/@supabase/realtime-js/dist/main/RealtimeClient.js
./node_modules/@supabase/realtime-js/dist/main/index.js
./node_modules/@supabase/supabase-js/dist/main/index.js
./node_modules/@supabase/ssr/dist/main/createBrowserClient.js
./node_modules/@supabase/ssr/dist/main/index.js
./lib/supabase/server.ts
./app/logout/route.ts

./node_modules/@supabase/realtime-js/dist/main/lib/websocket-factory.js
Critical dependency: the request of a dependency is an expression

Import trace for requested module:
./node_modules/@supabase/realtime-js/dist/main/lib/websocket-factory.js
./node_modules/@supabase/realtime-js/dist/main/index.js
./node_modules/@supabase/supabase-js/dist/main/index.js
./node_modules/@supabase/ssr/dist/main/createBrowserClient.js
./node_modules/@supabase/ssr/dist/main/index.js
./lib/supabase/server.ts
./app/dashboard/admin/actions.ts

./node_modules/@supabase/realtime-js/dist/main/lib/websocket-factory.js
Critical dependency: the request of a dependency is an expression

Import trace for requested module:
./node_modules/@supabase/realtime-js/dist/main/lib/websocket-factory.js
./node_modules/@supabase/realtime-js/dist/main/index.js
./node_modules/@supabase/supabase-js/dist/main/index.js
./node_modules/@supabase/ssr/dist/main/createBrowserClient.js
./node_modules/@supabase/ssr/dist/main/index.js
./lib/supabase/server.ts
./app/sitemap.ts
./node_modules/next/dist/build/webpack/loaders/next-metadata-route-loader.js?page=%2Fsitemap.xml%2Froute&isDynamic=1!./app/sitemap.ts?__next_metadata_route__

./node_modules/@supabase/realtime-js/dist/main/lib/websocket-factory.js
Critical dependency: the request of a dependency is an expression

Import trace for requested module:
./node_modules/@supabase/realtime-js/dist/main/lib/websocket-factory.js
./node_modules/@supabase/realtime-js/dist/main/index.js
./node_modules/@supabase/supabase-js/dist/main/index.js
./node_modules/@supabase/ssr/dist/main/createBrowserClient.js
./node_modules/@supabase/ssr/dist/main/index.js
./lib/supabase/server.ts
./app/logout/route.ts

./node_modules/@supabase/realtime-js/dist/module/lib/websocket-factory.js
Critical dependency: the request of a dependency is an expression

Import trace for requested module:
./node_modules/@supabase/realtime-js/dist/module/lib/websocket-factory.js
./node_modules/@supabase/realtime-js/dist/module/index.js
./node_modules/@supabase/supabase-js/dist/module/index.js
./node_modules/@supabase/ssr/dist/module/createBrowserClient.js
./node_modules/@supabase/ssr/dist/module/index.js

   Skipping linting
   Checking validity of types...
Failed to compile.

./app/dashboard/cleaner/leads/page.tsx:144:16
Type error: Argument of type '{ id: any; service_type: any; property_size: any; property_type: any; frequency: any; preferred_date: any; preferred_time: any; zip_code: any; city: any; budget_range: any; special_instructions: any; created_at: any; customer: { ...; }[]; }[]' is not assignable to parameter of type 'SetStateAction<Lead[]>'.
  Type '{ id: any; service_type: any; property_size: any; property_type: any; frequency: any; preferred_date: any; preferred_time: any; zip_code: any; city: any; budget_range: any; special_instructions: any; created_at: any; customer: { ...; }[]; }[]' is not assignable to type 'Lead[]'.
    Type '{ id: any; service_type: any; property_size: any; property_type: any; frequency: any; preferred_date: any; preferred_time: any; zip_code: any; city: any; budget_range: any; special_instructions: any; created_at: any; customer: { ...; }[]; }' is not assignable to type 'Lead'.
      Types of property 'customer' are incompatible.
        Type '{ full_name: any; email: any; phone: any; }[]' is missing the following properties from type '{ full_name: string; email: string; phone: string; }': full_name, email, phone

[0m [90m 142 | [39m[0m
[0m [90m 143 | [39m      [36mif[39m (error) [36mthrow[39m error[33m;[39m[0m
[0m[31m[1m>[22m[39m[90m 144 | [39m      setLeads(data [33m||[39m [])[33m;[39m[0m
[0m [90m     | [39m               [31m[1m^[22m[39m[0m
[0m [90m 145 | [39m    } [36mcatch[39m (error) {[0m
[0m [90m 146 | [39m      console[33m.[39merror([32m'Error loading leads:'[39m[33m,[39m error)[33m;[39m[0m
[0m [90m 147 | [39m    } [36mfinally[39m {[0m
[2026-01-22 02:58:59] [ERROR] Build failed
[2026-01-22 02:58:59] [INFO] Task BOOK-002 status updated to: failed
[2026-01-22 02:58:59] [ERROR] Task BOOK-002 failed validation
[2026-01-22 02:58:59] [ERROR] Task failed - continuing to next task
[2026-01-22 02:58:59] [INFO] Generating report...
[2026-01-22 02:58:59] [OK] Report generated: /root/Boss-of_clean-2/ralph/reports/2026-01-22_02-13-17.md
